<?xml version="1.0" encoding="UTF-8"?>
<testsuite name="RunTests" tests="0" skipped="0" failures="0" errors="0" timestamp="1970-01-01T00:00:00" hostname="TOHAN" time="0.0">
  <properties/>
  <system-out><![CDATA[
1 Scenarios (?[32m1 passed?[0m)
7 Steps (?[32m7 passed?[0m)
1m5,979s


]]></system-out>
  <system-err><![CDATA[Nis 16, 2022 1:14:28 AM io.cucumber.junit.Cucumber <init>
WARNING: By default Cucumber is running in --non-strict mode.
This default will change to --strict and --non-strict will be removed.
You can use --strict or @CucumberOptions(strict = true) to suppress this warning
]]></system-err>
</testsuite>
